build/app/outputs/mapping/release/seeds.txt
com.soo.boost.boostapp.MainActivity
com.soo.boost.boostapp.MainActivity: MainActivity()
...
androidx.window.embedding.ExtensionEmbeddingBackend: void setSplitRules(java.util.Set)
androidx.window.layout.WindowInfoTrackerImpl$windowLayoutInfo$1: void invokeSuspend$lambda-0(kotlinx.coroutines.channels.Channel,androidx.window.layout.WindowLayoutInfo)
androidx.window.embedding.SplitInfo: int hashCode()
io.flutter.plugin.editing.ImeSyncDeferringInsetsCallback: boolean access$202(io.flutter.plugin.editing.ImeSyncDeferringInsetsCallback,boolean)
io.flutter.embedding.engine.FlutterJNI: void updateRefreshRate()
androidx.window.embedding.EmbeddingInterfaceCompat: void setSplitRules(java.util.Set)
androidx.window.embedding.ActivityRule: int hashCode()
androidx.window.java.layout.WindowInfoTrackerCallbackAdapter$addListener$1$1: java.lang.Object invoke(kotlinx.coroutines.CoroutineScope,kotlin.coroutines.Continuation)
androidx.window.layout.SidecarCompat: void onWindowLayoutChangeListenerAdded(android.app.Activity)
androidx.window.embedding.EmbeddingTranslatingCallback: void accept(java.lang.Object)
androidx.window.layout.FoldingFeature$State: FoldingFeature$State(java.lang.String)
io.flutter.embedding.engine.FlutterJNI: void nativeDispatchPointerDataPacket(long,java.nio.ByteBuffer,int)
kotlin.coroutines.AbstractCoroutineContextElement: java.lang.Object fold(java.lang.Object,kotlin.jvm.functions.Function2)
androidx.window.embedding.SplitController: boolean isSplitSupported()
kotlin.jvm.internal.Lambda: java.lang.String toString()
io.flutter.embedding.engine.FlutterJNI: void addEngineLifecycleListener(io.flutter.embedding.engine.FlutterEngine$EngineLifecycleListener)
androidx.window.embedding.SplitController: void initialize(android.content.Context,int)
io.flutter.embedding.engine.FlutterJNI: void deferredComponentInstallFailure(int,java.lang.String,boolean)
io.flutter.embedding.engine.renderer.SurfaceTextureWrapper: SurfaceTextureWrapper(android.graphics.SurfaceTexture,java.lang.Runnable)
io.flutter.embedding.android.KeyData$Type: io.flutter.embedding.android.KeyData$Type[] values()
androidx.window.layout.ActivityCompatHelperApi24: ActivityCompatHelperApi24()
io.flutter.view.AccessibilityViewEmbedder: java.lang.Integer getRecordFlutterId(android.view.View,android.view.accessibility.AccessibilityRecord)
androidx.window.embedding.SplitRuleParser: androidx.window.embedding.SplitPairRule parseSplitPairRule(android.content.Context,android.content.res.XmlResourceParser)
kotlin.jvm.internal.CallableReference: kotlin.reflect.KType getReturnType()
io.flutter.view.AccessibilityBridge$AccessibilityFeature: io.flutter.view.AccessibilityBridge$AccessibilityFeature valueOf(java.lang.String)
androidx.window.core.Version: java.lang.String getDescription()
kotlin.jvm.internal.FunctionReference: boolean isSuspend()
io.flutter.embedding.engine.FlutterJNI: void removeIsDisplayingFlutterUiListener(io.flutter.embedding.engine.renderer.FlutterUiDisplayListener)
androidx.collection.SimpleArrayMap: java.lang.Object getOrDefault(java.lang.Object,java.lang.Object)
androidx.window.embedding.ExtensionEmbeddingBackend$Companion: ExtensionEmbeddingBackend$Companion(kotlin.jvm.internal.DefaultConstructorMarker)
androidx.window.layout.WindowMetricsCalculator$Companion$reset$1: androidx.window.layout.WindowMetricsCalculator invoke(androidx.window.layout.WindowMetricsCalculator)
androidx.window.layout.WindowLayoutInfo: int hashCode()
androidx.window.embedding.ExtensionEmbeddingBackend$Companion: androidx.window.embedding.EmbeddingInterfaceCompat initAndVerifyEmbeddingExtension()
io.flutter.embedding.engine.FlutterJNI: void setViewportMetrics(float,int,int,int,int,int,int,int,int,int,int,int,int,int,int,int,int[],int[],int[])
io.flutter.plugins.GeneratedPluginRegistrant: void registerWith(io.flutter.embedding.engine.FlutterEngine)
io.flutter.embedding.engine.FlutterJNI: boolean isCodePointVariantSelector(int)