build/app/outputs/mapping/release/mapping.txt
# compiler: R8
# compiler_version: 3.2.47
# min_api: 16
# common_typos_disable
# {"id":"com.android.tools.r8.mapping","version":"2.0"}
# pg_map_id: 5798758
# pg_map_hash: SHA-256 579875897af700bb794cd4b16066d6ca2003612cebd9b8ebe90b26bba37d05c5
...
kotlinx.coroutines.CoroutineScopeKt -> t0.i0:
    kotlinx.coroutines.CoroutineScope CoroutineScope(kotlin.coroutines.CoroutineContext) -> a
kotlinx.coroutines.CoroutineStart -> t0.j0:
    kotlinx.coroutines.CoroutineStart UNDISPATCHED -> g
    kotlinx.coroutines.CoroutineStart[] $VALUES -> h
    kotlinx.coroutines.CoroutineStart DEFAULT -> d
    kotlinx.coroutines.CoroutineStart ATOMIC -> f
    kotlinx.coroutines.CoroutineStart LAZY -> e
    kotlinx.coroutines.CoroutineStart[] $values() -> a
    void invoke(kotlin.jvm.functions.Function2,java.lang.Object,kotlin.coroutines.Continuation) -> b
    boolean isLazy() -> c
kotlinx.coroutines.CoroutineStart$WhenMappings -> t0.j0$a:
    int[] $EnumSwitchMapping$0 -> a
kotlinx.coroutines.CoroutinesInternalError -> t0.k0:
kotlinx.coroutines.DebugStringsKt -> t0.l0:
    java.lang.String getClassSimpleName(java.lang.Object) -> a
    java.lang.String getHexAddress(java.lang.Object) -> b
    java.lang.String toDebugString(kotlin.coroutines.Continuation) -> c
kotlinx.coroutines.DefaultExecutor -> t0.m0:
    kotlinx.coroutines.DefaultExecutor INSTANCE -> j
    long KEEP_ALIVE_NANOS -> k
    java.lang.Thread getThread() -> A
    void acknowledgeShutdownIfNeeded() -> R
    java.lang.Thread createThreadSync() -> S
    boolean isShutdownRequested() -> T
    boolean notifyStartup() -> U
kotlinx.coroutines.DispatchedCoroutine -> t0.n0:
    java.util.concurrent.atomic.AtomicIntegerFieldUpdater _decision$FU -> g
    void afterResume(java.lang.Object) -> t0
    void afterCompletion(java.lang.Object) -> x
    boolean tryResume() -> y0
kotlinx.coroutines.DispatchedTask -> t0.o0:
    int resumeMode -> f
    void cancelCompletedResult$kotlinx_coroutines_core(java.lang.Object,java.lang.Throwable) -> a
    kotlin.coroutines.Continuation getDelegate$kotlinx_coroutines_core() -> c
    java.lang.Throwable getExceptionalResult$kotlinx_coroutines_core(java.lang.Object) -> e
    java.lang.Object getSuccessfulResult$kotlinx_coroutines_core(java.lang.Object) -> f
    void handleFatalException(java.lang.Throwable,java.lang.Throwable) -> g
    java.lang.Object takeState$kotlinx_coroutines_core() -> i
kotlinx.coroutines.DispatchedTaskKt -> t0.p0:
    void dispatch(kotlinx.coroutines.DispatchedTask,int) -> a
    boolean isCancellableMode(int) -> b
    boolean isReusableMode(int) -> c
    void resume(kotlinx.coroutines.DispatchedTask,kotlin.coroutines.Continuation,boolean) -> d
    void resumeUnconfined(kotlinx.coroutines.DispatchedTask) -> e
kotlinx.coroutines.DispatcherExecutor -> t0.q0:
    kotlinx.coroutines.CoroutineDispatcher dispatcher -> d
kotlinx.coroutines.Dispatchers -> t0.r0:
    kotlinx.coroutines.Dispatchers INSTANCE -> a
    kotlinx.coroutines.CoroutineDispatcher IO -> d
    kotlinx.coroutines.CoroutineDispatcher Unconfined -> c
    kotlinx.coroutines.CoroutineDispatcher Default -> b
    kotlinx.coroutines.CoroutineDispatcher getDefault() -> a
    kotlinx.coroutines.CoroutineDispatcher getIO() -> b
    kotlinx.coroutines.MainCoroutineDispatcher getMain() -> c
kotlinx.coroutines.DisposableHandle -> t0.s0:
    void dispose() -> b
kotlinx.coroutines.Empty -> t0.t0:
    boolean isActive -> d
    boolean isActive() -> a
    kotlinx.coroutines.NodeList getList() -> c
kotlinx.coroutines.EventLoop -> t0.u0:
    long useCount -> e
    boolean shared -> f
    kotlinx.coroutines.internal.ArrayQueue unconfinedQueue -> g
    void decrementUseCount(boolean) -> p
    long delta(boolean) -> q
    void dispatchUnconfined(kotlinx.coroutines.DispatchedTask) -> s
    long getNextTime() -> t
    void incrementUseCount(boolean) -> u
    void incrementUseCount$default(kotlinx.coroutines.EventLoop,boolean,int,java.lang.Object) -> v
    boolean isUnconfinedLoopActive() -> w
    boolean isUnconfinedQueueEmpty() -> x
    boolean processUnconfinedEvent() -> y
    void shutdown() -> z