build/app/outputs/mapping/release/usage.txt
com.soo.boost.boostapp.BuildConfig
com.soo.boost.boostapp.R$attr
com.soo.boost.boostapp.R$color
com.soo.boost.boostapp.R$dimen
com.soo.boost.boostapp.R$drawable
com.soo.boost.boostapp.R$id
com.soo.boost.boostapp.R$integer
com.soo.boost.boostapp.R$layout
com.soo.boost.boostapp.R$mipmap
com.soo.boost.boostapp.R$string
com.soo.boost.boostapp.R$style
com.soo.boost.boostapp.R$styleable
com.soo.boost.boostapp.R
...
androidx.core.view.inputmethod.InputContentInfoCompat
androidx.core.widget.AutoScrollHelper$ClampedScroller
androidx.core.widget.AutoScrollHelper$ScrollAnimationRunnable
androidx.core.widget.AutoScrollHelper
androidx.core.widget.AutoSizeableTextView
androidx.core.widget.CheckedTextViewCompat$Api14Impl
androidx.core.widget.CheckedTextViewCompat$Api16Impl
androidx.core.widget.CheckedTextViewCompat$Api21Impl
androidx.core.widget.CheckedTextViewCompat
androidx.core.widget.CompoundButtonCompat
androidx.core.widget.ContentLoadingProgressBar
androidx.core.widget.EdgeEffectCompat
androidx.core.widget.ImageViewCompat
androidx.core.widget.ListPopupWindowCompat
androidx.core.widget.ListViewAutoScrollHelper
androidx.core.widget.ListViewCompat
androidx.core.widget.NestedScrollView$AccessibilityDelegate
androidx.core.widget.NestedScrollView$OnScrollChangeListener
androidx.core.widget.NestedScrollView$SavedState$1
androidx.core.widget.NestedScrollView$SavedState
androidx.core.widget.NestedScrollView
androidx.core.widget.PopupMenuCompat
androidx.core.widget.PopupWindowCompat
androidx.core.widget.ScrollerCompat
androidx.core.widget.TextViewCompat$AutoSizeTextType
androidx.core.widget.TextViewCompat$OreoCallback
androidx.core.widget.TextViewCompat
androidx.core.widget.TextViewOnReceiveContentListener$Api16Impl
androidx.core.widget.TextViewOnReceiveContentListener$ApiImpl
androidx.core.widget.TextViewOnReceiveContentListener
androidx.core.widget.TintableCheckedTextView
androidx.core.widget.TintableCompoundButton
androidx.core.widget.TintableCompoundDrawablesView
androidx.core.widget.TintableImageSourceView
androidx.customview.R$attr
androidx.customview.R$color
androidx.customview.R$dimen
androidx.customview.R$drawable
androidx.customview.R$id
androidx.customview.R$integer
androidx.customview.R$layout
androidx.customview.R$string
androidx.customview.R$style
androidx.customview.R$styleable
androidx.customview.R
androidx.customview.view.AbsSavedState$1
androidx.customview.view.AbsSavedState$2
androidx.customview.view.AbsSavedState
androidx.customview.widget.ExploreByTouchHelper$1
androidx.customview.widget.ExploreByTouchHelper$2
androidx.customview.widget.ExploreByTouchHelper$MyNodeProvider
androidx.customview.widget.ExploreByTouchHelper
androidx.customview.widget.FocusStrategy$BoundsAdapter
androidx.customview.widget.FocusStrategy$CollectionAdapter
androidx.customview.widget.FocusStrategy$SequentialComparator
androidx.customview.widget.FocusStrategy
androidx.customview.widget.ViewDragHelper$1
androidx.customview.widget.ViewDragHelper$2
androidx.customview.widget.ViewDragHelper$Callback
androidx.customview.widget.ViewDragHelper
androidx.fragment.R$attr
androidx.fragment.R$color
androidx.fragment.R$dimen
androidx.fragment.R$drawable
androidx.fragment.R$id
androidx.fragment.R$integer
androidx.fragment.R$layout
androidx.fragment.R$string
androidx.fragment.R$style
androidx.fragment.R$styleable
androidx.fragment.R
androidx.fragment.app.BackStackRecord
androidx.fragment.app.BackStackState$1
androidx.fragment.app.BackStackState
androidx.fragment.app.DialogFragment$1
androidx.fragment.app.DialogFragment
androidx.fragment.app.Fragment$1
androidx.fragment.app.Fragment$2:
    void <init>(androidx.fragment.app.Fragment)
androidx.fragment.app.Fragment$3
androidx.fragment.app.Fragment$4
androidx.fragment.app.Fragment$AnimationInfo
androidx.fragment.app.Fragment$InstantiationException
androidx.fragment.app.Fragment$OnStartEnterTransitionListener
androidx.fragment.app.Fragment$SavedState$1
androidx.fragment.app.Fragment$SavedState